2025-06-10 13:50:40.989 [78344] main/103/queue1 I> Tarantool 2.11.7-0-g4e04060150 Linux-x86_64-RelWithDebInfo
2025-06-10 13:50:40.989 [78344] main/103/queue1 I> log level 5
2025-06-10 13:50:40.989 [78344] main/103/queue1 I> wal/engine cleanup is paused
2025-06-10 13:50:40.989 [78344] main/103/queue1 I> mapping 268435456 bytes for memtx tuple arena...
2025-06-10 13:50:40.989 [78344] main/103/queue1 I> Actual slab_alloc_factor calculated on the basis of desired slab_alloc_factor = 1.044274
2025-06-10 13:50:40.989 [78344] main/103/queue1 I> mapping 134217728 bytes for vinyl tuple arena...
2025-06-10 13:50:40.991 [78344] main/103/queue1 I> update replication_synchro_quorum = 1
2025-06-10 13:50:40.991 [78344] main/103/queue1 I> instance uuid 9015af89-4cf4-4e06-b8bd-aabfd2b0fbac
2025-06-10 13:50:40.991 [78344] main/103/queue1 I> initializing an empty data directory
2025-06-10 13:50:41.008 [78344] main/103/queue1 I> assigned id 1 to replica 9015af89-4cf4-4e06-b8bd-aabfd2b0fbac
2025-06-10 13:50:41.008 [78344] main/103/queue1 I> update replication_synchro_quorum = 1
2025-06-10 13:50:41.008 [78344] main/103/queue1 I> cluster uuid 6d8751d8-da58-4427-9b84-2df405721739
2025-06-10 13:50:41.008 [78344] snapshot/101/main I> saving snapshot `data/queue1/00000000000000000000.snap.inprogress'
2025-06-10 13:50:41.012 [78344] snapshot/101/main I> done
2025-06-10 13:50:41.012 [78344] main/103/queue1 I> ready to accept requests
2025-06-10 13:50:41.012 [78344] main/105/gc I> wal/engine cleanup is resumed
2025-06-10 13:50:41.012 [78344] main/103/queue1/box.load_cfg I> set 'log' configuration option to ".\/data\/queue1.log"
2025-06-10 13:50:41.013 [78344] main/106/checkpoint_daemon I> scheduled next checkpoint for Tue Jun 10 14:53:57 2025
2025-06-10 13:50:41.013 [78344] main I> entering the event loop
2025-06-10 14:18:49.056 [78344] main C> got signal 15 - Terminated
2025-06-10 16:38:55.611 [93345] main/103/queue1 I> Tarantool 2.11.7-0-g4e04060150 Linux-x86_64-RelWithDebInfo
2025-06-10 16:38:55.612 [93345] main/103/queue1 I> log level 5
2025-06-10 16:38:55.612 [93345] main/103/queue1 I> wal/engine cleanup is paused
2025-06-10 16:38:55.612 [93345] main/103/queue1 I> mapping 268435456 bytes for memtx tuple arena...
2025-06-10 16:38:55.612 [93345] main/103/queue1 I> Actual slab_alloc_factor calculated on the basis of desired slab_alloc_factor = 1.044274
2025-06-10 16:38:55.612 [93345] main/103/queue1 I> mapping 134217728 bytes for vinyl tuple arena...
2025-06-10 16:38:55.612 [93345] main/103/queue1/box.upgrade I> Recovering snapshot with schema version 2.11.5
2025-06-10 16:38:55.614 [93345] main/103/queue1 I> update replication_synchro_quorum = 1
2025-06-10 16:38:55.614 [93345] main/103/queue1 I> instance uuid 9015af89-4cf4-4e06-b8bd-aabfd2b0fbac
2025-06-10 16:38:55.614 [93345] main/103/queue1 I> instance vclock {}
2025-06-10 16:38:55.614 [93345] main/103/queue1 I> tx_binary: bound to 127.0.0.1:3301
2025-06-10 16:38:55.614 [93345] main/103/queue1 I> recovery start
2025-06-10 16:38:55.614 [93345] main/103/queue1 I> recovering from `data/queue1/00000000000000000000.snap'
2025-06-10 16:38:55.615 [93345] main/103/queue1 I> cluster uuid 6d8751d8-da58-4427-9b84-2df405721739
2025-06-10 16:38:55.630 [93345] main/103/queue1 I> assigned id 1 to replica 9015af89-4cf4-4e06-b8bd-aabfd2b0fbac
2025-06-10 16:38:55.630 [93345] main/103/queue1 I> update replication_synchro_quorum = 1
2025-06-10 16:38:55.631 [93345] main/103/queue1 I> ready to accept requests
2025-06-10 16:38:55.631 [93345] main/103/queue1 I> leaving orphan mode
2025-06-10 16:38:55.631 [93345] main/105/gc I> wal/engine cleanup is resumed
2025-06-10 16:38:55.631 [93345] main/103/queue1/box.load_cfg I> set 'log' configuration option to ".\/data\/queue1.log"
2025-06-10 16:38:55.631 [93345] main/103/queue1/box.load_cfg I> set 'listen' configuration option to "127.0.0.1:3301"
2025-06-10 16:38:55.631 [93345] main/106/checkpoint_daemon I> scheduled next checkpoint for Tue Jun 10 16:39:35 2025
2025-06-10 16:38:55.631 [93345] main I> entering the event loop
2025-06-10 16:39:35.633 [93345] main/106/checkpoint_daemon I> scheduled next checkpoint for Tue Jun 10 17:39:35 2025
2025-06-10 17:39:35.632 [93345] main/106/checkpoint_daemon I> scheduled next checkpoint for Tue Jun 10 18:39:35 2025
2025-06-10 18:39:35.632 [93345] main/106/checkpoint_daemon I> scheduled next checkpoint for Tue Jun 10 19:39:35 2025
2025-06-10 19:18:04.494 [93345] main C> got signal 15 - Terminated
2025-06-10 19:18:04.495 [93345] main/275/iproto.shutdown I> tx_binary: stopped
2025-06-18 14:27:07.968 [23316] main/103/queue1 I> Tarantool 2.11.7-0-g4e04060150 Linux-x86_64-RelWithDebInfo
2025-06-18 14:27:07.969 [23316] main/103/queue1 I> log level 5
2025-06-18 14:27:07.969 [23316] main/103/queue1 I> wal/engine cleanup is paused
2025-06-18 14:27:07.969 [23316] main/103/queue1 I> mapping 268435456 bytes for memtx tuple arena...
2025-06-18 14:27:07.969 [23316] main/103/queue1 I> Actual slab_alloc_factor calculated on the basis of desired slab_alloc_factor = 1.044274
2025-06-18 14:27:07.970 [23316] main/103/queue1 I> mapping 134217728 bytes for vinyl tuple arena...
2025-06-18 14:27:07.971 [23316] main/103/queue1/box.upgrade I> Recovering snapshot with schema version 2.11.5
2025-06-18 14:27:07.974 [23316] main/103/queue1 I> update replication_synchro_quorum = 1
2025-06-18 14:27:07.974 [23316] main/103/queue1 I> instance uuid 9015af89-4cf4-4e06-b8bd-aabfd2b0fbac
2025-06-18 14:27:07.974 [23316] main/103/queue1 I> instance vclock {}
2025-06-18 14:27:07.974 [23316] main/103/queue1 I> tx_binary: bound to 127.0.0.1:3301
2025-06-18 14:27:07.974 [23316] main/103/queue1 I> recovery start
2025-06-18 14:27:07.974 [23316] main/103/queue1 I> recovering from `data/queue1/00000000000000000000.snap'
2025-06-18 14:27:07.975 [23316] main/103/queue1 I> cluster uuid 6d8751d8-da58-4427-9b84-2df405721739
2025-06-18 14:27:07.998 [23316] main/103/queue1 I> assigned id 1 to replica 9015af89-4cf4-4e06-b8bd-aabfd2b0fbac
2025-06-18 14:27:07.998 [23316] main/103/queue1 I> update replication_synchro_quorum = 1
2025-06-18 14:27:07.998 [23316] main/103/queue1 I> ready to accept requests
2025-06-18 14:27:07.998 [23316] main/103/queue1 I> leaving orphan mode
2025-06-18 14:27:07.998 [23316] main/105/gc I> wal/engine cleanup is resumed
2025-06-18 14:27:07.998 [23316] main/103/queue1/box.load_cfg I> set 'log' configuration option to ".\/data\/queue1.log"
2025-06-18 14:27:07.998 [23316] main/103/queue1/box.load_cfg I> set 'listen' configuration option to "127.0.0.1:3301"
2025-06-18 14:27:07.999 [23316] main/106/checkpoint_daemon I> scheduled next checkpoint for Wed Jun 18 14:37:15 2025
2025-06-18 14:27:07.999 [23316] main I> entering the event loop
2025-06-18 14:37:15.999 [23316] main/106/checkpoint_daemon I> scheduled next checkpoint for Wed Jun 18 15:37:15 2025
2025-06-18 15:37:15.999 [23316] main/106/checkpoint_daemon I> scheduled next checkpoint for Wed Jun 18 16:37:15 2025
2025-06-18 15:40:46.375 [23316] main C> got signal 15 - Terminated
2025-06-18 15:40:46.375 [23316] main/189/iproto.shutdown I> tx_binary: stopped
2025-06-18 15:42:09.044 [31116] main/103/queue1 I> Tarantool 2.11.7-0-g4e04060150 Linux-x86_64-RelWithDebInfo
2025-06-18 15:42:09.044 [31116] main/103/queue1 I> log level 5
2025-06-18 15:42:09.044 [31116] main/103/queue1 I> wal/engine cleanup is paused
2025-06-18 15:42:09.044 [31116] main/103/queue1 I> mapping 268435456 bytes for memtx tuple arena...
2025-06-18 15:42:09.044 [31116] main/103/queue1 I> Actual slab_alloc_factor calculated on the basis of desired slab_alloc_factor = 1.044274
2025-06-18 15:42:09.045 [31116] main/103/queue1 I> mapping 134217728 bytes for vinyl tuple arena...
2025-06-18 15:42:09.045 [31116] main/103/queue1/box.upgrade I> Recovering snapshot with schema version 2.11.5
2025-06-18 15:42:09.046 [31116] main/103/queue1 I> update replication_synchro_quorum = 1
2025-06-18 15:42:09.046 [31116] main/103/queue1 I> instance uuid 9015af89-4cf4-4e06-b8bd-aabfd2b0fbac
2025-06-18 15:42:09.046 [31116] main/103/queue1 I> instance vclock {}
2025-06-18 15:42:09.046 [31116] main/103/queue1 I> tx_binary: bound to 127.0.0.1:3301
2025-06-18 15:42:09.047 [31116] main/103/queue1 I> recovery start
2025-06-18 15:42:09.047 [31116] main/103/queue1 I> recovering from `data/queue1/00000000000000000000.snap'
2025-06-18 15:42:09.047 [31116] main/103/queue1 I> cluster uuid 6d8751d8-da58-4427-9b84-2df405721739
2025-06-18 15:42:09.063 [31116] main/103/queue1 I> assigned id 1 to replica 9015af89-4cf4-4e06-b8bd-aabfd2b0fbac
2025-06-18 15:42:09.063 [31116] main/103/queue1 I> update replication_synchro_quorum = 1
2025-06-18 15:42:09.064 [31116] main/103/queue1 I> ready to accept requests
2025-06-18 15:42:09.064 [31116] main/103/queue1 I> leaving orphan mode
2025-06-18 15:42:09.064 [31116] main/105/gc I> wal/engine cleanup is resumed
2025-06-18 15:42:09.064 [31116] main/103/queue1/box.load_cfg I> set 'log' configuration option to ".\/data\/queue1.log"
2025-06-18 15:42:09.064 [31116] main/103/queue1/box.load_cfg I> set 'listen' configuration option to "127.0.0.1:3301"
2025-06-18 15:42:09.065 [31116] main/103/queue1/usr.bin.tarantoolctl tarantoolctl:568 E> Start failed: .../tarantool/tarantool-queue-app/apps/myapp/queue/init.lua:3: attempt to call field 'create_space' (a nil value)
2025-06-18 15:42:09.065 [31116] main/106/checkpoint_daemon I> scheduled next checkpoint for Wed Jun 18 16:56:26 2025
2025-06-18 15:42:09.047 [31116] main/103/queue1 I> cluster uuid 6d8751d8-da58-4427-9b84-2df405721739
2025-06-18 15:42:09.063 [31116] main/103/queue1 I> assigned id 1 to replica 9015af89-4cf4-4e06-b8bd-aabfd2b0fbac
2025-06-18 15:42:09.063 [31116] main/103/queue1 I> update replication_synchro_quorum = 1
2025-06-18 15:42:09.064 [31116] main/103/queue1 I> ready to accept requests
2025-06-18 15:42:09.064 [31116] main/103/queue1 I> leaving orphan mode
2025-06-18 15:42:09.064 [31116] main/105/gc I> wal/engine cleanup is resumed
2025-06-18 15:42:09.064 [31116] main/103/queue1/box.load_cfg I> set 'log' configuration option to ".\/data\/queue1.log"
2025-06-18 15:42:09.064 [31116] main/103/queue1/box.load_cfg I> set 'listen' configuration option to "127.0.0.1:3301"
2025-06-18 15:42:09.065 [31116] main/103/queue1/usr.bin.tarantoolctl tarantoolctl:568 E> Start failed: .../tarantool/tarantool-queue-app/apps/myapp/queue/init.lua:3: attempt to call field 'create_space' (a nil value)
2025-06-18 15:42:09.065 [31116] main/106/checkpoint_daemon I> scheduled next checkpoint for Wed Jun 18 16:56:26 2025
2025-06-18 15:42:09.067 [31116] main/114/iproto.shutdown I> tx_binary: stopped
2025-06-18 15:43:49.113 [31343] main/103/queue1 I> Tarantool 2.11.7-0-g4e04060150 Linux-x86_64-RelWithDebInfo
2025-06-18 15:43:49.113 [31343] main/103/queue1 I> log level 5
2025-06-18 15:43:49.113 [31343] main/103/queue1 I> wal/engine cleanup is paused
2025-06-18 15:43:49.114 [31343] main/103/queue1 I> mapping 268435456 bytes for memtx tuple arena...
2025-06-18 15:43:49.114 [31343] main/103/queue1 I> Actual slab_alloc_factor calculated on the basis of desired slab_alloc_factor = 1.044274
2025-06-18 15:43:49.114 [31343] main/103/queue1 I> mapping 134217728 bytes for vinyl tuple arena...
2025-06-18 15:43:49.114 [31343] main/103/queue1/box.upgrade I> Recovering snapshot with schema version 2.11.5
2025-06-18 15:43:49.116 [31343] main/103/queue1 I> update replication_synchro_quorum = 1
2025-06-18 15:43:49.116 [31343] main/103/queue1 I> instance uuid 9015af89-4cf4-4e06-b8bd-aabfd2b0fbac
2025-06-18 15:43:49.116 [31343] main/103/queue1 I> instance vclock {}
2025-06-18 15:43:49.116 [31343] main/103/queue1 I> tx_binary: bound to 127.0.0.1:3301
2025-06-18 15:43:49.116 [31343] main/103/queue1 I> recovery start
2025-06-18 15:43:49.116 [31343] main/103/queue1 I> recovering from `data/queue1/00000000000000000000.snap'
2025-06-18 15:43:49.116 [31343] main/103/queue1 I> cluster uuid 6d8751d8-da58-4427-9b84-2df405721739
2025-06-18 15:43:49.135 [31343] main/103/queue1 I> assigned id 1 to replica 9015af89-4cf4-4e06-b8bd-aabfd2b0fbac
2025-06-18 15:43:49.135 [31343] main/103/queue1 I> update replication_synchro_quorum = 1
2025-06-18 15:43:49.135 [31343] main/103/queue1 I> ready to accept requests
2025-06-18 15:43:49.135 [31343] main/103/queue1 I> leaving orphan mode
2025-06-18 15:43:49.135 [31343] main/105/gc I> wal/engine cleanup is resumed
2025-06-18 15:43:49.135 [31343] main/103/queue1/box.load_cfg I> set 'log' configuration option to ".\/data\/queue1.log"
2025-06-18 15:43:49.135 [31343] main/103/queue1/box.load_cfg I> set 'listen' configuration option to "127.0.0.1:3301"
2025-06-18 15:43:49.137 [31343] main/106/checkpoint_daemon I> scheduled next checkpoint for Wed Jun 18 17:31:14 2025
2025-06-18 15:43:49.137 [31343] main/103/queue1/usr.bin.tarantoolctl tarantoolctl:568 E> Start failed: Illegal parameters, unexpected option 'pairs'
2025-06-18 15:43:49.116 [31343] main/103/queue1 I> cluster uuid 6d8751d8-da58-4427-9b84-2df405721739
2025-06-18 15:43:49.135 [31343] main/103/queue1 I> assigned id 1 to replica 9015af89-4cf4-4e06-b8bd-aabfd2b0fbac
2025-06-18 15:43:49.135 [31343] main/103/queue1 I> update replication_synchro_quorum = 1
2025-06-18 15:43:49.135 [31343] main/103/queue1 I> ready to accept requests
2025-06-18 15:43:49.135 [31343] main/103/queue1 I> leaving orphan mode
2025-06-18 15:43:49.135 [31343] main/105/gc I> wal/engine cleanup is resumed
2025-06-18 15:43:49.135 [31343] main/103/queue1/box.load_cfg I> set 'log' configuration option to ".\/data\/queue1.log"
2025-06-18 15:43:49.135 [31343] main/103/queue1/box.load_cfg I> set 'listen' configuration option to "127.0.0.1:3301"
2025-06-18 15:43:49.137 [31343] main/106/checkpoint_daemon I> scheduled next checkpoint for Wed Jun 18 17:31:14 2025
2025-06-18 15:43:49.137 [31343] main/103/queue1/usr.bin.tarantoolctl tarantoolctl:568 E> Start failed: Illegal parameters, unexpected option 'pairs'
2025-06-18 15:43:49.139 [31343] main/114/iproto.shutdown I> tx_binary: stopped
