2025-06-10 13:50:46.653 [78383] main/103/queue2 I> Tarantool 2.11.7-0-g4e04060150 Linux-x86_64-RelWithDebInfo
2025-06-10 13:50:46.653 [78383] main/103/queue2 I> log level 5
2025-06-10 13:50:46.653 [78383] main/103/queue2 I> wal/engine cleanup is paused
2025-06-10 13:50:46.653 [78383] main/103/queue2 I> mapping 268435456 bytes for memtx tuple arena...
2025-06-10 13:50:46.653 [78383] main/103/queue2 I> Actual slab_alloc_factor calculated on the basis of desired slab_alloc_factor = 1.044274
2025-06-10 13:50:46.654 [78383] main/103/queue2 I> mapping 134217728 bytes for vinyl tuple arena...
2025-06-10 13:50:46.656 [78383] main/103/queue2 I> update replication_synchro_quorum = 1
2025-06-10 13:50:46.656 [78383] main/103/queue2 I> instance uuid 8944d37c-f3a4-4f6d-93e4-d5b91b072f73
2025-06-10 13:50:46.656 [78383] main/103/queue2 I> initializing an empty data directory
2025-06-10 13:50:46.674 [78383] main/103/queue2 I> assigned id 1 to replica 8944d37c-f3a4-4f6d-93e4-d5b91b072f73
2025-06-10 13:50:46.674 [78383] main/103/queue2 I> update replication_synchro_quorum = 1
2025-06-10 13:50:46.674 [78383] main/103/queue2 I> cluster uuid a3d3263e-dcd4-4139-bb25-a2204eec79b7
2025-06-10 13:50:46.674 [78383] snapshot/101/main I> saving snapshot `data/queue2/00000000000000000000.snap.inprogress'
2025-06-10 13:50:46.678 [78383] snapshot/101/main I> done
2025-06-10 13:50:46.679 [78383] main/103/queue2 I> ready to accept requests
2025-06-10 13:50:46.679 [78383] main/105/gc I> wal/engine cleanup is resumed
2025-06-10 13:50:46.679 [78383] main/103/queue2/box.load_cfg I> set 'log' configuration option to ".\/data\/queue2.log"
2025-06-10 13:50:46.679 [78383] main/106/checkpoint_daemon I> scheduled next checkpoint for Tue Jun 10 15:18:35 2025
2025-06-10 13:50:46.679 [78383] main I> entering the event loop
2025-06-10 14:18:54.687 [78383] main C> got signal 15 - Terminated
2025-06-18 14:27:16.022 [23362] main/103/queue2 I> Tarantool 2.11.7-0-g4e04060150 Linux-x86_64-RelWithDebInfo
2025-06-18 14:27:16.022 [23362] main/103/queue2 I> log level 5
2025-06-18 14:27:16.022 [23362] main/103/queue2 I> wal/engine cleanup is paused
2025-06-18 14:27:16.023 [23362] main/103/queue2 I> mapping 268435456 bytes for memtx tuple arena...
2025-06-18 14:27:16.023 [23362] main/103/queue2 I> Actual slab_alloc_factor calculated on the basis of desired slab_alloc_factor = 1.044274
2025-06-18 14:27:16.023 [23362] main/103/queue2 I> mapping 134217728 bytes for vinyl tuple arena...
2025-06-18 14:27:16.023 [23362] main/103/queue2/box.upgrade I> Recovering snapshot with schema version 2.11.5
2025-06-18 14:27:16.025 [23362] main/103/queue2 I> update replication_synchro_quorum = 1
2025-06-18 14:27:16.025 [23362] main/103/queue2 I> instance uuid 8944d37c-f3a4-4f6d-93e4-d5b91b072f73
2025-06-18 14:27:16.025 [23362] main/103/queue2 I> instance vclock {}
2025-06-18 14:27:16.025 [23362] main/103/queue2 I> tx_binary: bound to 127.0.0.1:3302
2025-06-18 14:27:16.025 [23362] main/103/queue2 I> recovery start
2025-06-18 14:27:16.025 [23362] main/103/queue2 I> recovering from `data/queue2/00000000000000000000.snap'
2025-06-18 14:27:16.025 [23362] main/103/queue2 I> cluster uuid a3d3263e-dcd4-4139-bb25-a2204eec79b7
2025-06-18 14:27:16.046 [23362] main/103/queue2 I> assigned id 1 to replica 8944d37c-f3a4-4f6d-93e4-d5b91b072f73
2025-06-18 14:27:16.046 [23362] main/103/queue2 I> update replication_synchro_quorum = 1
2025-06-18 14:27:16.046 [23362] main/103/queue2 I> ready to accept requests
2025-06-18 14:27:16.046 [23362] main/103/queue2 I> leaving orphan mode
2025-06-18 14:27:16.046 [23362] main/105/gc I> wal/engine cleanup is resumed
2025-06-18 14:27:16.046 [23362] main/103/queue2/box.load_cfg I> set 'log' configuration option to ".\/data\/queue2.log"
2025-06-18 14:27:16.046 [23362] main/103/queue2/box.load_cfg I> set 'listen' configuration option to "127.0.0.1:3302"
2025-06-18 14:27:16.047 [23362] main/106/checkpoint_daemon I> scheduled next checkpoint for Wed Jun 18 15:11:41 2025
2025-06-18 14:27:16.047 [23362] main I> entering the event loop
2025-06-18 15:11:41.048 [23362] main/106/checkpoint_daemon I> scheduled next checkpoint for Wed Jun 18 16:11:41 2025
2025-06-18 15:41:11.016 [23362] main C> got signal 15 - Terminated
2025-06-18 15:41:11.017 [23362] main/189/iproto.shutdown I> tx_binary: stopped
